2024/10/14 06:00:01 Start Batch Process
2024/10/14 06:00:01 Start Batch Process
2024/10/14 06:00:01 Start Batch Process
2024/10/14 06:00:01 Start Batch Process
2024/10/14 06:00:01 Start Batch Process
2024/10/14 06:00:01 Start Batch Process
2024/10/14 06:00:10 Successfully inserted MEM usage data
2024/10/14 06:00:10 Successfully inserted CPU usage data
2024/10/14 06:00:10 Successfully inserted Disk usage data
2024/10/14 06:00:31 Successfully inserted Port usage data
2024/10/14 06:08:49 Successfully inserted Process MEM usage data
2024/10/14 06:08:49 Successfully inserted Process CPU usage data
2024/10/14 06:10:01 Start Batch Process
2024/10/14 06:10:01 Start Batch Process
2024/10/14 06:10:01 Start Batch Process
2024/10/14 06:10:31 Successfully inserted Port usage data
2024/10/14 06:18:51 Successfully inserted Process CPU usage data
2024/10/14 06:18:51 Successfully inserted Process MEM usage data
2024/10/14 06:20:01 Start Batch Process
2024/10/14 06:20:01 Start Batch Process
2024/10/14 06:20:01 Start Batch Process
2024/10/14 06:20:31 Successfully inserted Port usage data
2024/10/14 06:28:52 Successfully inserted Process CPU usage data
2024/10/14 06:28:52 Successfully inserted Process MEM usage data
2024/10/14 06:30:01 Start Batch Process
2024/10/14 06:30:01 Start Batch Process
2024/10/14 06:30:01 Start Batch Process
2024/10/14 06:30:32 Successfully inserted Port usage data
2024/10/14 06:38:51 Successfully inserted Process CPU usage data
2024/10/14 06:38:51 Successfully inserted Process MEM usage data
2024/10/14 06:40:01 Start Batch Process
2024/10/14 06:40:01 Start Batch Process
2024/10/14 06:40:01 Start Batch Process
2024/10/14 06:40:31 Successfully inserted Port usage data
2024/10/14 06:48:49 Successfully inserted Process CPU usage data
2024/10/14 06:48:49 Successfully inserted Process MEM usage data
2024/10/14 06:50:01 Start Batch Process
2024/10/14 06:50:01 Start Batch Process
2024/10/14 06:50:01 Start Batch Process
2024/10/14 06:50:32 Successfully inserted Port usage data
2024/10/14 06:58:54 Successfully inserted Process CPU usage data
2024/10/14 06:58:54 Successfully inserted Process MEM usage data
2024/10/14 07:00:01 Start Batch Process
2024/10/14 07:00:01 Start Batch Process
2024/10/14 07:00:01 Start Batch Process
2024/10/14 07:00:01 Start Batch Process
2024/10/14 07:00:01 Start Batch Process
2024/10/14 07:00:01 Start Batch Process
2024/10/14 07:00:10 Successfully inserted CPU usage data
2024/10/14 07:00:10 Successfully inserted MEM usage data
2024/10/14 07:00:10 Successfully inserted Disk usage data
2024/10/14 07:00:32 Successfully inserted Port usage data
2024/10/14 07:08:49 Successfully inserted Process CPU usage data
2024/10/14 07:08:49 Successfully inserted Process MEM usage data
2024/10/14 07:10:01 Start Batch Process
2024/10/14 07:10:01 Start Batch Process
2024/10/14 07:10:01 Start Batch Process
2024/10/14 07:10:32 Successfully inserted Port usage data
2024/10/14 07:18:54 Successfully inserted Process CPU usage data
2024/10/14 07:18:54 Successfully inserted Process MEM usage data
2024/10/14 07:20:01 Start Batch Process
2024/10/14 07:20:01 Start Batch Process
2024/10/14 07:20:01 Start Batch Process
2024/10/14 07:20:32 Successfully inserted Port usage data
2024/10/14 07:28:52 Successfully inserted Process CPU usage data
2024/10/14 07:28:53 Successfully inserted Process MEM usage data
2024/10/14 07:30:01 Start Batch Process
2024/10/14 07:30:01 Start Batch Process
2024/10/14 07:30:01 Start Batch Process
2024/10/14 07:30:31 Successfully inserted Port usage data
2024/10/14 07:38:57 Successfully inserted Process CPU usage data
2024/10/14 07:38:58 Successfully inserted Process MEM usage data
2024/10/14 07:40:01 Start Batch Process
2024/10/14 07:40:01 Start Batch Process
2024/10/14 07:40:01 Start Batch Process
2024/10/14 07:40:30 Successfully inserted Port usage data
2024/10/14 07:49:06 Successfully inserted Process CPU usage data
2024/10/14 07:49:06 Successfully inserted Process MEM usage data
2024/10/14 07:50:01 Start Batch Process
2024/10/14 07:50:01 Start Batch Process
2024/10/14 07:50:01 Start Batch Process
2024/10/14 07:50:32 Successfully inserted Port usage data
2024/10/14 07:59:00 Successfully inserted Process CPU usage data
2024/10/14 07:59:00 Successfully inserted Process MEM usage data
2024/10/14 08:00:01 Start Batch Process
2024/10/14 08:00:01 Start Batch Process
2024/10/14 08:00:01 Start Batch Process
2024/10/14 08:00:01 Start Batch Process
2024/10/14 08:00:01 Start Batch Process
2024/10/14 08:00:01 Start Batch Process
2024/10/14 08:00:11 Successfully inserted MEM usage data
2024/10/14 08:00:11 Successfully inserted CPU usage data
2024/10/14 08:00:11 Successfully inserted Disk usage data
2024/10/14 08:00:33 Successfully inserted Port usage data
2024/10/14 08:09:07 Successfully inserted Process CPU usage data
2024/10/14 08:09:07 Successfully inserted Process MEM usage data
2024/10/14 08:10:01 Start Batch Process
2024/10/14 08:10:01 Start Batch Process
2024/10/14 08:10:01 Start Batch Process
2024/10/14 08:10:31 Successfully inserted Port usage data
